<?xml version="1.0" encoding="UTF-8"?>
<!-- Generated by org.testng.reporters.JUnitReportReporter -->
<testsuite skipped="0" hostname="admin" name="com.testcases.TestCases" tests="1" failures="0" timestamp="2020-03-12T23:28:35 IST" time="33.715" errors="0">
  <testcase name="testcase" time="33.715" classname="com.testcases.TestCases"/>
</testsuite> <!-- com.testcases.TestCases -->
